Flow report for FinalTrafficLights
Thu Dec 19 01:57:35 2019
Quartus II Version 9.1 Build 350 03/24/2010 Service Pack 2 SJ Web Edition


---------------------
; Table of Contents ;
---------------------
  1. Legal Notice
  2. Flow Summary
  3. Flow Settings
  4. Flow Non-Default Global Settings
  5. Flow Elapsed Time
  6. Flow OS Summary
  7. Flow Log



----------------
; Legal Notice ;
----------------
Copyright (C) 1991-2010 Altera Corporation
Your use of Altera Corporation's design tools, logic functions 
and other software and tools, and its AMPP partner logic 
functions, and any output files from any of the foregoing 
(including device programming or simulation files), and any 
associated documentation or information are expressly subject 
to the terms and conditions of the Altera Program License 
Subscription Agreement, Altera MegaCore Function License 
Agreement, or other applicable license agreement, including, 
without limitation, that your use is for the sole purpose of 
programming logic devices manufactured by Altera and sold by 
Altera or its authorized distributors.  Please refer to the 
applicable agreement for further details.



+-----------------------------------------------------------------------------------+
; Flow Summary                                                                      ;
+------------------------------------+----------------------------------------------+
; Flow Status                        ; Successful - Thu Dec 19 01:57:35 2019        ;
; Quartus II Version                 ; 9.1 Build 350 03/24/2010 SP 2 SJ Web Edition ;
; Revision Name                      ; FinalTrafficLights                           ;
; Top-level Entity Name              ; FinalTrafficLights                           ;
; Family                             ; Cyclone II                                   ;
; Device                             ; EP2C35F672C6                                 ;
; Timing Models                      ; Final                                        ;
; Met timing requirements            ; No                                           ;
; Total logic elements               ; 82 / 33,216 ( < 1 % )                        ;
;     Total combinational functions  ; 81 / 33,216 ( < 1 % )                        ;
;     Dedicated logic registers      ; 40 / 33,216 ( < 1 % )                        ;
; Total registers                    ; 40                                           ;
; Total pins                         ; 15 / 475 ( 3 % )                             ;
; Total virtual pins                 ; 0                                            ;
; Total memory bits                  ; 0 / 483,840 ( 0 % )                          ;
; Embedded Multiplier 9-bit elements ; 0 / 70 ( 0 % )                               ;
; Total PLLs                         ; 0 / 4 ( 0 % )                                ;
+------------------------------------+----------------------------------------------+


+-----------------------------------------+
; Flow Settings                           ;
+-------------------+---------------------+
; Option            ; Setting             ;
+-------------------+---------------------+
; Start date & time ; 12/19/2019 01:57:22 ;
; Main task         ; Compilation         ;
; Revision Name     ; FinalTrafficLights  ;
+-------------------+---------------------+


+-----------------------------------------------------------------------------------------------------------------------------------------------------------------------------+
; Flow Non-Default Global Settings                                                                                                                                            ;
+------------------------------------+-----------------------------------------------------------------------------------------+---------------+-------------+----------------+
; Assignment Name                    ; Value                                                                                   ; Default Value ; Entity Name ; Section Id     ;
+------------------------------------+-----------------------------------------------------------------------------------------+---------------+-------------+----------------+
; COMPILER_SIGNATURE_ID              ; 1097955657143.157673864214844                                                           ; --            ; --          ; --             ;
; MAX_CORE_JUNCTION_TEMP             ; 85                                                                                      ; --            ; --          ; --             ;
; MIN_CORE_JUNCTION_TEMP             ; 0                                                                                       ; --            ; --          ; --             ;
; MISC_FILE                          ; F:/Fall 2019/CET4805/FinalProject/FinalTrafficLIghts/FinalTrafficLights.dpf             ; --            ; --          ; --             ;
; MISC_FILE                          ; F:/Fall 2019/CET4805/FinalProject/FinalTrafficLIghts(This is it)/FinalTrafficLights.dpf ; --            ; --          ; --             ;
; PARTITION_COLOR                    ; 16764057                                                                                ; --            ; --          ; Top            ;
; PARTITION_NETLIST_TYPE             ; SOURCE                                                                                  ; --            ; --          ; Top            ;
; USE_GENERATED_PHYSICAL_CONSTRAINTS ; Off                                                                                     ; --            ; --          ; eda_blast_fpga ;
+------------------------------------+-----------------------------------------------------------------------------------------+---------------+-------------+----------------+


+-----------------------------------------------------------------------------------------------------------------------------+
; Flow Elapsed Time                                                                                                           ;
+-------------------------+--------------+-------------------------+---------------------+------------------------------------+
; Module Name             ; Elapsed Time ; Average Processors Used ; Peak Virtual Memory ; Total CPU Time (on all processors) ;
+-------------------------+--------------+-------------------------+---------------------+------------------------------------+
; Analysis & Synthesis    ; 00:00:01     ; 1.0                     ; 241 MB              ; 00:00:01                           ;
; Fitter                  ; 00:00:04     ; 1.0                     ; 287 MB              ; 00:00:04                           ;
; Assembler               ; 00:00:03     ; 1.0                     ; 264 MB              ; 00:00:02                           ;
; Classic Timing Analyzer ; 00:00:01     ; 1.0                     ; 169 MB              ; 00:00:01                           ;
; Total                   ; 00:00:09     ; --                      ; --                  ; 00:00:08                           ;
+-------------------------+--------------+-------------------------+---------------------+------------------------------------+


+------------------------------------------------------------------------------------------+
; Flow OS Summary                                                                          ;
+-------------------------+------------------+---------------+------------+----------------+
; Module Name             ; Machine Hostname ; OS Name       ; OS Version ; Processor type ;
+-------------------------+------------------+---------------+------------+----------------+
; Analysis & Synthesis    ; LAPTOP-77H4DPTI  ; Windows Vista ; 6.2        ; x86_64         ;
; Fitter                  ; LAPTOP-77H4DPTI  ; Windows Vista ; 6.2        ; x86_64         ;
; Assembler               ; LAPTOP-77H4DPTI  ; Windows Vista ; 6.2        ; x86_64         ;
; Classic Timing Analyzer ; LAPTOP-77H4DPTI  ; Windows Vista ; 6.2        ; x86_64         ;
+-------------------------+------------------+---------------+------------+----------------+


------------
; Flow Log ;
------------
quartus_map --read_settings_files=on --write_settings_files=off FinalTrafficLights -c FinalTrafficLights
quartus_fit --read_settings_files=off --write_settings_files=off FinalTrafficLights -c FinalTrafficLights
quartus_asm --read_settings_files=off --write_settings_files=off FinalTrafficLights -c FinalTrafficLights
quartus_tan --read_settings_files=off --write_settings_files=off FinalTrafficLights -c FinalTrafficLights --timing_analysis_only



